D:\Projects\C++ Projects\Network\WebSpider\Debug\WebSpider.pdb
D:\Projects\C++ Projects\Network\WebSpider\WebSpider\Debug\cl.command.1.tlog
D:\Projects\C++ Projects\Network\WebSpider\WebSpider\Debug\CL.read.1.tlog
D:\Projects\C++ Projects\Network\WebSpider\WebSpider\Debug\CL.write.1.tlog
D:\PROJECTS\C++ PROJECTS\NETWORK\WEBSPIDER\WEBSPIDER\DEBUG\DATABASECONNECTION.OBJ
D:\Projects\C++ Projects\Network\WebSpider\WebSpider\Debug\link.command.1.tlog
D:\PROJECTS\C++ PROJECTS\NETWORK\WEBSPIDER\WEBSPIDER\DEBUG\LINK.OBJ
D:\Projects\C++ Projects\Network\WebSpider\WebSpider\Debug\link.read.1.tlog
D:\Projects\C++ Projects\Network\WebSpider\WebSpider\Debug\link.write.1.tlog
D:\Projects\C++ Projects\Network\WebSpider\WebSpider\Debug\link-cvtres.read.1.tlog
D:\Projects\C++ Projects\Network\WebSpider\WebSpider\Debug\link-cvtres.write.1.tlog
D:\PROJECTS\C++ PROJECTS\NETWORK\WEBSPIDER\WEBSPIDER\DEBUG\MAIN.OBJ
D:\PROJECTS\C++ PROJECTS\NETWORK\WEBSPIDER\WEBSPIDER\DEBUG\MYSQLDATABASECONNECTION.OBJ
D:\PROJECTS\C++ PROJECTS\NETWORK\WEBSPIDER\WEBSPIDER\DEBUG\PARSER.OBJ
D:\Projects\C++ Projects\Network\WebSpider\WebSpider\Debug\rc.command.1.tlog
D:\Projects\C++ Projects\Network\WebSpider\WebSpider\Debug\rc.read.1.tlog
D:\Projects\C++ Projects\Network\WebSpider\WebSpider\Debug\rc.write.1.tlog
D:\PROJECTS\C++ PROJECTS\NETWORK\WEBSPIDER\WEBSPIDER\DEBUG\RETRIEVER.OBJ
D:\PROJECTS\C++ PROJECTS\NETWORK\WEBSPIDER\WEBSPIDER\DEBUG\STRINGPROCESSOR.OBJ
D:\Projects\C++ Projects\Network\WebSpider\WebSpider\Debug\vc100.idb
D:\PROJECTS\C++ PROJECTS\NETWORK\WEBSPIDER\WEBSPIDER\DEBUG\VC100.PDB
D:\Projects\C++ Projects\Network\WebSpider\WebSpider\Debug\WebSpider.exe.embed.manifest
D:\PROJECTS\C++ PROJECTS\NETWORK\WEBSPIDER\WEBSPIDER\DEBUG\WEBSPIDER.EXE.EMBED.MANIFEST.RES
D:\Projects\C++ Projects\Network\WebSpider\WebSpider\Debug\WebSpider.exe.intermediate.manifest
D:\Projects\C++ Projects\Network\WebSpider\WebSpider\Debug\WebSpider_manifest.rc
D:\PROJECTS\C++ PROJECTS\NETWORK\WEBSPIDER\WEBSPIDER\DEBUG\WINRETRIEVER.OBJ
